<?xml version="1.0" encoding="UTF-8"?>
<!-- Generated by org.testng.reporters.JUnitReportReporter -->
<testsuite hostname="vasko" name="com.ibm.salesconnect.test.mobile.CallRestAPITests" tests="15" failures="0" timestamp="26 Feb 2016 10:55:30 GMT" time="88,768" errors="0">
  <testcase name="Test_linkContactToCall" time="6,576" classname="com.ibm.salesconnect.test.mobile.CallRestAPITests"/>
  <testcase name="Test_editCall" time="5,184" classname="com.ibm.salesconnect.test.mobile.CallRestAPITests"/>
  <testcase name="Test_favoriteCall" time="5,128" classname="com.ibm.salesconnect.test.mobile.CallRestAPITests"/>
  <testcase name="Test_unFavoriteCall" time="4,994" classname="com.ibm.salesconnect.test.mobile.CallRestAPITests"/>
  <testcase name="Test_relateNewNoteToCall" time="5,201" classname="com.ibm.salesconnect.test.mobile.CallRestAPITests"/>
  <testcase name="Test_linkAdditionalAssigneeToCall" time="5,034" classname="com.ibm.salesconnect.test.mobile.CallRestAPITests"/>
  <testcase name="Test_deleteCall" time="4,215" classname="com.ibm.salesconnect.test.mobile.CallRestAPITests"/>
  <testcase name="Test_linkOpportunityToCall" time="10,107" classname="com.ibm.salesconnect.test.mobile.CallRestAPITests"/>
  <testcase name="Test_linkUserToCall" time="5,122" classname="com.ibm.salesconnect.test.mobile.CallRestAPITests"/>
  <testcase name="Test_relateNewTaskToCall" time="5,469" classname="com.ibm.salesconnect.test.mobile.CallRestAPITests"/>
  <testcase name="Test_relateNewContactToCall" time="5,432" classname="com.ibm.salesconnect.test.mobile.CallRestAPITests"/>
  <testcase name="Test_linkTaskToCall" time="6,812" classname="com.ibm.salesconnect.test.mobile.CallRestAPITests"/>
  <testcase name="Test_relateNewOpportunityToCall" time="8,775" classname="com.ibm.salesconnect.test.mobile.CallRestAPITests"/>
  <testcase name="Test_linkNoteToCall" time="6,509" classname="com.ibm.salesconnect.test.mobile.CallRestAPITests"/>
  <testcase name="Test_createCall" time="4,210" classname="com.ibm.salesconnect.test.mobile.CallRestAPITests"/>
</testsuite> <!-- com.ibm.salesconnect.test.mobile.CallRestAPITests -->
