<?xml version="1.0" encoding="UTF-8"?>
<!-- Generated by org.testng.reporters.JUnitReportReporter -->
<testsuite hostname="vasko" name="com.ibm.salesconnect.test.mobile.ClientRestAPITests" tests="12" failures="0" timestamp="26 Feb 2016 10:55:30 GMT" time="53,868" errors="0">
  <testcase name="Test_linkNoteToClient" time="4,937" classname="com.ibm.salesconnect.test.mobile.ClientRestAPITests"/>
  <testcase name="Test_linkMeetingToClient" time="4,698" classname="com.ibm.salesconnect.test.mobile.ClientRestAPITests"/>
  <testcase name="Test_linkTaskToClient" time="5,181" classname="com.ibm.salesconnect.test.mobile.ClientRestAPITests"/>
  <testcase name="Test_linkContactToClient" time="4,908" classname="com.ibm.salesconnect.test.mobile.ClientRestAPITests"/>
  <testcase name="Test_unFavoriteClient" time="2,774" classname="com.ibm.salesconnect.test.mobile.ClientRestAPITests"/>
  <testcase name="Test_relateNewCallToClient" time="6,140" classname="com.ibm.salesconnect.test.mobile.ClientRestAPITests"/>
  <testcase name="Test_relateNewOpportunityToClient" time="5,797" classname="com.ibm.salesconnect.test.mobile.ClientRestAPITests"/>
  <testcase name="Test_favoriteClient" time="2,799" classname="com.ibm.salesconnect.test.mobile.ClientRestAPITests"/>
  <testcase name="Test_relateNewContactToClient" time="3,686" classname="com.ibm.salesconnect.test.mobile.ClientRestAPITests"/>
  <testcase name="Test_relateNewTaskToClient" time="3,189" classname="com.ibm.salesconnect.test.mobile.ClientRestAPITests"/>
  <testcase name="Test_linkCallToClient" time="6,727" classname="com.ibm.salesconnect.test.mobile.ClientRestAPITests"/>
  <testcase name="Test_relateNewNoteToClient" time="3,032" classname="com.ibm.salesconnect.test.mobile.ClientRestAPITests"/>
</testsuite> <!-- com.ibm.salesconnect.test.mobile.ClientRestAPITests -->
