<?xml version="1.0" encoding="UTF-8"?>
<!-- Generated by org.testng.reporters.JUnitReportReporter -->
<testsuite hostname="vasko" name="com.ibm.salesconnect.test.mobile.WinplanRestAPITests" tests="3" failures="0" timestamp="15 Feb 2016 10:37:39 GMT" time="19,268" errors="3">
  <testcase name="Test_updateWinplan" time="5,789" classname="com.ibm.salesconnect.test.mobile.WinplanRestAPITests">
    <error type="java.lang.AssertionError" message="Status Code from Post request is not as expected{&quot;error_message&quot;:[&quot;The Winplan with the Opportunity already exists. - 0&quot;],&quot;error&quot;:&quot;invalid_parameter&quot;} expected:&lt;true&gt; but was:&lt;false&gt;">
      <![CDATA[java.lang.AssertionError: Status Code from Post request is not as expected{"error_message":["The Winplan with the Opportunity already exists. - 0"],"error":"invalid_parameter"} expected:<true> but was:<false>
	at org.testng.Assert.fail(Assert.java:89)
	at org.testng.Assert.failNotEquals(Assert.java:489)
	at org.testng.Assert.assertTrue(Assert.java:37)
	at com.ibm.salesconnect.common.HttpUtils.postRequest(HttpUtils.java:436)
	at com.ibm.salesconnect.common.HttpUtils.postRequest(HttpUtils.java:360)
	at com.ibm.salesconnect.API.WinPlanRestAPI.createWinPlan(WinPlanRestAPI.java:56)
	at com.ibm.salesconnect.API.WinPlanRestAPI.createWinPlan(WinPlanRestAPI.java:79)
	at com.ibm.salesconnect.test.mobile.WinplanRestAPITests.Test_updateWinplan(WinplanRestAPITests.java:166)
	at sun.reflect.NativeMethodAccessorImpl.invoke0(Native Method)
	at sun.reflect.NativeMethodAccessorImpl.invoke(Unknown Source)
	at sun.reflect.DelegatingMethodAccessorImpl.invoke(Unknown Source)
	at java.lang.reflect.Method.invoke(Unknown Source)
	at org.testng.internal.MethodInvocationHelper.invokeMethod(MethodInvocationHelper.java:80)
	at org.testng.internal.Invoker.invokeMethod(Invoker.java:701)
	at org.testng.internal.Invoker.invokeTestMethod(Invoker.java:893)
	at org.testng.internal.Invoker.invokeTestMethods(Invoker.java:1218)
	at org.testng.internal.TestMethodWorker.invokeTestMethods(TestMethodWorker.java:127)
	at org.testng.internal.TestMethodWorker.run(TestMethodWorker.java:111)
	at java.util.concurrent.ThreadPoolExecutor.runWorker(Unknown Source)
	at java.util.concurrent.ThreadPoolExecutor$Worker.run(Unknown Source)
	at java.lang.Thread.run(Unknown Source)
]]>
    </error>
  </testcase> <!-- Test_updateWinplan -->
  <testcase name="Test_createWinplan" time="7,425" classname="com.ibm.salesconnect.test.mobile.WinplanRestAPITests">
    <error type="java.lang.AssertionError" message="Status Code from Post request is not as expected{&quot;error_message&quot;:[&quot;The Winplan with the Opportunity already exists. - 0&quot;],&quot;error&quot;:&quot;invalid_parameter&quot;} expected:&lt;true&gt; but was:&lt;false&gt;">
      <![CDATA[java.lang.AssertionError: Status Code from Post request is not as expected{"error_message":["The Winplan with the Opportunity already exists. - 0"],"error":"invalid_parameter"} expected:<true> but was:<false>
	at org.testng.Assert.fail(Assert.java:89)
	at org.testng.Assert.failNotEquals(Assert.java:489)
	at org.testng.Assert.assertTrue(Assert.java:37)
	at com.ibm.salesconnect.common.HttpUtils.postRequest(HttpUtils.java:436)
	at com.ibm.salesconnect.common.HttpUtils.postRequest(HttpUtils.java:360)
	at com.ibm.salesconnect.API.WinPlanRestAPI.createWinPlan(WinPlanRestAPI.java:56)
	at com.ibm.salesconnect.API.WinPlanRestAPI.createWinPlan(WinPlanRestAPI.java:79)
	at com.ibm.salesconnect.test.mobile.WinplanRestAPITests.Test_createWinplan(WinplanRestAPITests.java:116)
	at sun.reflect.NativeMethodAccessorImpl.invoke0(Native Method)
	at sun.reflect.NativeMethodAccessorImpl.invoke(Unknown Source)
	at sun.reflect.DelegatingMethodAccessorImpl.invoke(Unknown Source)
	at java.lang.reflect.Method.invoke(Unknown Source)
	at org.testng.internal.MethodInvocationHelper.invokeMethod(MethodInvocationHelper.java:80)
	at org.testng.internal.Invoker.invokeMethod(Invoker.java:701)
	at org.testng.internal.Invoker.invokeTestMethod(Invoker.java:893)
	at org.testng.internal.Invoker.invokeTestMethods(Invoker.java:1218)
	at org.testng.internal.TestMethodWorker.invokeTestMethods(TestMethodWorker.java:127)
	at org.testng.internal.TestMethodWorker.run(TestMethodWorker.java:111)
	at java.util.concurrent.ThreadPoolExecutor.runWorker(Unknown Source)
	at java.util.concurrent.ThreadPoolExecutor$Worker.run(Unknown Source)
	at java.lang.Thread.run(Unknown Source)
]]>
    </error>
  </testcase> <!-- Test_createWinplan -->
  <testcase name="Test_getWinplan" time="6,054" classname="com.ibm.salesconnect.test.mobile.WinplanRestAPITests">
    <error type="java.lang.AssertionError" message="Status Code from Post request is not as expected{&quot;error_message&quot;:[&quot;The Winplan with the Opportunity already exists. - 0&quot;],&quot;error&quot;:&quot;invalid_parameter&quot;} expected:&lt;true&gt; but was:&lt;false&gt;">
      <![CDATA[java.lang.AssertionError: Status Code from Post request is not as expected{"error_message":["The Winplan with the Opportunity already exists. - 0"],"error":"invalid_parameter"} expected:<true> but was:<false>
	at org.testng.Assert.fail(Assert.java:89)
	at org.testng.Assert.failNotEquals(Assert.java:489)
	at org.testng.Assert.assertTrue(Assert.java:37)
	at com.ibm.salesconnect.common.HttpUtils.postRequest(HttpUtils.java:436)
	at com.ibm.salesconnect.common.HttpUtils.postRequest(HttpUtils.java:360)
	at com.ibm.salesconnect.API.WinPlanRestAPI.createWinPlan(WinPlanRestAPI.java:56)
	at com.ibm.salesconnect.API.WinPlanRestAPI.createWinPlan(WinPlanRestAPI.java:79)
	at com.ibm.salesconnect.test.mobile.WinplanRestAPITests.Test_getWinplan(WinplanRestAPITests.java:67)
	at sun.reflect.NativeMethodAccessorImpl.invoke0(Native Method)
	at sun.reflect.NativeMethodAccessorImpl.invoke(Unknown Source)
	at sun.reflect.DelegatingMethodAccessorImpl.invoke(Unknown Source)
	at java.lang.reflect.Method.invoke(Unknown Source)
	at org.testng.internal.MethodInvocationHelper.invokeMethod(MethodInvocationHelper.java:80)
	at org.testng.internal.Invoker.invokeMethod(Invoker.java:701)
	at org.testng.internal.Invoker.invokeTestMethod(Invoker.java:893)
	at org.testng.internal.Invoker.invokeTestMethods(Invoker.java:1218)
	at org.testng.internal.TestMethodWorker.invokeTestMethods(TestMethodWorker.java:127)
	at org.testng.internal.TestMethodWorker.run(TestMethodWorker.java:111)
	at java.util.concurrent.ThreadPoolExecutor.runWorker(Unknown Source)
	at java.util.concurrent.ThreadPoolExecutor$Worker.run(Unknown Source)
	at java.lang.Thread.run(Unknown Source)
]]>
    </error>
  </testcase> <!-- Test_getWinplan -->
</testsuite> <!-- com.ibm.salesconnect.test.mobile.WinplanRestAPITests -->
