<?xml version="1.0" encoding="UTF-8"?>
<!-- Generated by org.testng.reporters.JUnitReportReporter -->
<testsuite hostname="vasko" name="com.ibm.salesconnect.test.mobile.MeetingRestAPITests" tests="13" failures="0" timestamp="26 Feb 2016 10:55:30 GMT" time="85,276" errors="0">
  <testcase name="Test_linkUserToMeeting" time="8,185" classname="com.ibm.salesconnect.test.mobile.MeetingRestAPITests"/>
  <testcase name="Test_relateNewNoteToMeeting" time="5,278" classname="com.ibm.salesconnect.test.mobile.MeetingRestAPITests"/>
  <testcase name="Test_createmeeting" time="3,838" classname="com.ibm.salesconnect.test.mobile.MeetingRestAPITests"/>
  <testcase name="Test_unFavoritemeeting" time="5,098" classname="com.ibm.salesconnect.test.mobile.MeetingRestAPITests"/>
  <testcase name="Test_relateNewOpportunityToMeeting" time="8,415" classname="com.ibm.salesconnect.test.mobile.MeetingRestAPITests"/>
  <testcase name="Test_editMeeting" time="6,845" classname="com.ibm.salesconnect.test.mobile.MeetingRestAPITests"/>
  <testcase name="Test_relateNewContactToMeeting" time="5,553" classname="com.ibm.salesconnect.test.mobile.MeetingRestAPITests"/>
  <testcase name="Test_linkClientToMeeting" time="5,377" classname="com.ibm.salesconnect.test.mobile.MeetingRestAPITests"/>
  <testcase name="Test_relateNewTaskToMeeting" time="5,651" classname="com.ibm.salesconnect.test.mobile.MeetingRestAPITests"/>
  <testcase name="Test_linkOpportunityToMeeting" time="10,529" classname="com.ibm.salesconnect.test.mobile.MeetingRestAPITests"/>
  <testcase name="Test_deletemeeting" time="4,164" classname="com.ibm.salesconnect.test.mobile.MeetingRestAPITests"/>
  <testcase name="Test_linkContactToMeeting" time="11,409" classname="com.ibm.salesconnect.test.mobile.MeetingRestAPITests"/>
  <testcase name="Test_favoritemeeting" time="4,934" classname="com.ibm.salesconnect.test.mobile.MeetingRestAPITests"/>
</testsuite> <!-- com.ibm.salesconnect.test.mobile.MeetingRestAPITests -->
