<?xml version="1.0" encoding="UTF-8"?>
<!-- Generated by org.testng.reporters.JUnitReportReporter -->
<testsuite hostname="vasko" name="com.ibm.salesconnect.test.mobile.OpportunityRestApiTests" tests="13" failures="0" timestamp="26 Feb 2016 10:55:30 GMT" time="137,007" errors="0">
  <testcase name="Test_createOpportunity" time="7,340" classname="com.ibm.salesconnect.test.mobile.OpportunityRestApiTests"/>
  <testcase name="Test_linkContactToOpportunity" time="23,899" classname="com.ibm.salesconnect.test.mobile.OpportunityRestApiTests"/>
  <testcase name="Test_relateNewLineItemToOpportunity" time="9,213" classname="com.ibm.salesconnect.test.mobile.OpportunityRestApiTests"/>
  <testcase name="Test_relateNewContactToOpportunity" time="11,152" classname="com.ibm.salesconnect.test.mobile.OpportunityRestApiTests"/>
  <testcase name="Test_linkCallToOpportunity" time="10,358" classname="com.ibm.salesconnect.test.mobile.OpportunityRestApiTests"/>
  <testcase name="Test_favoriteOpportunity" time="8,536" classname="com.ibm.salesconnect.test.mobile.OpportunityRestApiTests"/>
  <testcase name="Test_editOpportunity" time="12,232" classname="com.ibm.salesconnect.test.mobile.OpportunityRestApiTests"/>
  <testcase name="Test_relateNewTaskToOpportunity" time="9,143" classname="com.ibm.salesconnect.test.mobile.OpportunityRestApiTests"/>
  <testcase name="Test_relateNewNoteToOpportunity" time="8,616" classname="com.ibm.salesconnect.test.mobile.OpportunityRestApiTests"/>
  <testcase name="Test_linkNoteToOpportunity" time="9,911" classname="com.ibm.salesconnect.test.mobile.OpportunityRestApiTests"/>
  <testcase name="Test_relateNewCallToOpportunity" time="8,332" classname="com.ibm.salesconnect.test.mobile.OpportunityRestApiTests"/>
  <testcase name="Test_linkTaskToOpportunity" time="10,381" classname="com.ibm.salesconnect.test.mobile.OpportunityRestApiTests"/>
  <testcase name="Test_unFavoriteOpportunity" time="7,894" classname="com.ibm.salesconnect.test.mobile.OpportunityRestApiTests"/>
</testsuite> <!-- com.ibm.salesconnect.test.mobile.OpportunityRestApiTests -->
