<?xml version="1.0" encoding="UTF-8"?>
<!-- Generated by org.testng.reporters.JUnitReportReporter -->
<testsuite hostname="vasko" name="com.ibm.salesconnect.test.mobile.LineItemRestAPITests" tests="3" failures="0" timestamp="25 Feb 2016 15:24:49 GMT" time="13,842" errors="3">
  <testcase name="Test_editRLI" time="4,574" classname="com.ibm.salesconnect.test.mobile.LineItemRestAPITests">
    <error type="java.lang.AssertionError" message="Status Code from Post request is not as expected{&quot;error_message&quot;:[&quot;Key \u0027NEWNEW\u0027 is not valid for field \u0027LBL_CONTRACT_TYPE\u0027 - srv_work_type&quot;],&quot;error&quot;:&quot;invalid_parameter&quot;} expected:&lt;true&gt; but was:&lt;false&gt;">
      <![CDATA[java.lang.AssertionError: Status Code from Post request is not as expected{"error_message":["Key \u0027NEWNEW\u0027 is not valid for field \u0027LBL_CONTRACT_TYPE\u0027 - srv_work_type"],"error":"invalid_parameter"} expected:<true> but was:<false>
	at org.testng.Assert.fail(Assert.java:89)
	at org.testng.Assert.failNotEquals(Assert.java:489)
	at org.testng.Assert.assertTrue(Assert.java:37)
	at com.ibm.salesconnect.common.HttpUtils.postRequest(HttpUtils.java:436)
	at com.ibm.salesconnect.common.HttpUtils.postRequest(HttpUtils.java:360)
	at com.ibm.salesconnect.API.OpportunityRestAPI.createOpportunityWithRLIreturnBean(OpportunityRestAPI.java:236)
	at com.ibm.salesconnect.test.mobile.LineItemRestAPITests.Test_editRLI(LineItemRestAPITests.java:53)
	at sun.reflect.NativeMethodAccessorImpl.invoke0(Native Method)
	at sun.reflect.NativeMethodAccessorImpl.invoke(Unknown Source)
	at sun.reflect.DelegatingMethodAccessorImpl.invoke(Unknown Source)
	at java.lang.reflect.Method.invoke(Unknown Source)
	at org.testng.internal.MethodInvocationHelper.invokeMethod(MethodInvocationHelper.java:80)
	at org.testng.internal.Invoker.invokeMethod(Invoker.java:701)
	at org.testng.internal.Invoker.invokeTestMethod(Invoker.java:893)
	at org.testng.internal.Invoker.invokeTestMethods(Invoker.java:1218)
	at org.testng.internal.TestMethodWorker.invokeTestMethods(TestMethodWorker.java:127)
	at org.testng.internal.TestMethodWorker.run(TestMethodWorker.java:111)
	at java.util.concurrent.ThreadPoolExecutor.runWorker(Unknown Source)
	at java.util.concurrent.ThreadPoolExecutor$Worker.run(Unknown Source)
	at java.lang.Thread.run(Unknown Source)
]]>
    </error>
  </testcase> <!-- Test_editRLI -->
  <testcase name="Test_deleteRLI" time="4,526" classname="com.ibm.salesconnect.test.mobile.LineItemRestAPITests">
    <error type="java.lang.AssertionError" message="Status Code from Post request is not as expected{&quot;error_message&quot;:[&quot;Key \u0027NEWNEW\u0027 is not valid for field \u0027LBL_CONTRACT_TYPE\u0027 - srv_work_type&quot;],&quot;error&quot;:&quot;invalid_parameter&quot;} expected:&lt;true&gt; but was:&lt;false&gt;">
      <![CDATA[java.lang.AssertionError: Status Code from Post request is not as expected{"error_message":["Key \u0027NEWNEW\u0027 is not valid for field \u0027LBL_CONTRACT_TYPE\u0027 - srv_work_type"],"error":"invalid_parameter"} expected:<true> but was:<false>
	at org.testng.Assert.fail(Assert.java:89)
	at org.testng.Assert.failNotEquals(Assert.java:489)
	at org.testng.Assert.assertTrue(Assert.java:37)
	at com.ibm.salesconnect.common.HttpUtils.postRequest(HttpUtils.java:436)
	at com.ibm.salesconnect.common.HttpUtils.postRequest(HttpUtils.java:360)
	at com.ibm.salesconnect.API.OpportunityRestAPI.createOpportunityWithRLIreturnBean(OpportunityRestAPI.java:236)
	at com.ibm.salesconnect.test.mobile.LineItemRestAPITests.Test_deleteRLI(LineItemRestAPITests.java:139)
	at sun.reflect.NativeMethodAccessorImpl.invoke0(Native Method)
	at sun.reflect.NativeMethodAccessorImpl.invoke(Unknown Source)
	at sun.reflect.DelegatingMethodAccessorImpl.invoke(Unknown Source)
	at java.lang.reflect.Method.invoke(Unknown Source)
	at org.testng.internal.MethodInvocationHelper.invokeMethod(MethodInvocationHelper.java:80)
	at org.testng.internal.Invoker.invokeMethod(Invoker.java:701)
	at org.testng.internal.Invoker.invokeTestMethod(Invoker.java:893)
	at org.testng.internal.Invoker.invokeTestMethods(Invoker.java:1218)
	at org.testng.internal.TestMethodWorker.invokeTestMethods(TestMethodWorker.java:127)
	at org.testng.internal.TestMethodWorker.run(TestMethodWorker.java:111)
	at java.util.concurrent.ThreadPoolExecutor.runWorker(Unknown Source)
	at java.util.concurrent.ThreadPoolExecutor$Worker.run(Unknown Source)
	at java.lang.Thread.run(Unknown Source)
]]>
    </error>
  </testcase> <!-- Test_deleteRLI -->
  <testcase name="Test_getRLI" time="4,742" classname="com.ibm.salesconnect.test.mobile.LineItemRestAPITests">
    <error type="java.lang.AssertionError" message="Status Code from Post request is not as expected{&quot;error_message&quot;:[&quot;Key \u0027NEWNEW\u0027 is not valid for field \u0027LBL_CONTRACT_TYPE\u0027 - srv_work_type&quot;],&quot;error&quot;:&quot;invalid_parameter&quot;} expected:&lt;true&gt; but was:&lt;false&gt;">
      <![CDATA[java.lang.AssertionError: Status Code from Post request is not as expected{"error_message":["Key \u0027NEWNEW\u0027 is not valid for field \u0027LBL_CONTRACT_TYPE\u0027 - srv_work_type"],"error":"invalid_parameter"} expected:<true> but was:<false>
	at org.testng.Assert.fail(Assert.java:89)
	at org.testng.Assert.failNotEquals(Assert.java:489)
	at org.testng.Assert.assertTrue(Assert.java:37)
	at com.ibm.salesconnect.common.HttpUtils.postRequest(HttpUtils.java:436)
	at com.ibm.salesconnect.common.HttpUtils.postRequest(HttpUtils.java:360)
	at com.ibm.salesconnect.API.OpportunityRestAPI.createOpportunityWithRLIreturnBean(OpportunityRestAPI.java:236)
	at com.ibm.salesconnect.test.mobile.LineItemRestAPITests.Test_getRLI(LineItemRestAPITests.java:95)
	at sun.reflect.NativeMethodAccessorImpl.invoke0(Native Method)
	at sun.reflect.NativeMethodAccessorImpl.invoke(Unknown Source)
	at sun.reflect.DelegatingMethodAccessorImpl.invoke(Unknown Source)
	at java.lang.reflect.Method.invoke(Unknown Source)
	at org.testng.internal.MethodInvocationHelper.invokeMethod(MethodInvocationHelper.java:80)
	at org.testng.internal.Invoker.invokeMethod(Invoker.java:701)
	at org.testng.internal.Invoker.invokeTestMethod(Invoker.java:893)
	at org.testng.internal.Invoker.invokeTestMethods(Invoker.java:1218)
	at org.testng.internal.TestMethodWorker.invokeTestMethods(TestMethodWorker.java:127)
	at org.testng.internal.TestMethodWorker.run(TestMethodWorker.java:111)
	at java.util.concurrent.ThreadPoolExecutor.runWorker(Unknown Source)
	at java.util.concurrent.ThreadPoolExecutor$Worker.run(Unknown Source)
	at java.lang.Thread.run(Unknown Source)
]]>
    </error>
  </testcase> <!-- Test_getRLI -->
</testsuite> <!-- com.ibm.salesconnect.test.mobile.LineItemRestAPITests -->
