<?xml version="1.0" encoding="UTF-8"?>
<!-- Generated by org.testng.reporters.JUnitReportReporter -->
<testsuite hostname="vasko" name="com.ibm.salesconnect.test.mobile.TaskRestAPITests" tests="16" failures="0" timestamp="26 Feb 2016 10:55:30 GMT" time="104,142" errors="0">
  <testcase name="Test_relateNewOpportunityToTask" time="8,358" classname="com.ibm.salesconnect.test.mobile.TaskRestAPITests"/>
  <testcase name="Test_linkCallToTask" time="6,630" classname="com.ibm.salesconnect.test.mobile.TaskRestAPITests"/>
  <testcase name="Test_relateNewContactToTask" time="5,169" classname="com.ibm.salesconnect.test.mobile.TaskRestAPITests"/>
  <testcase name="Test_deleteTask" time="4,094" classname="com.ibm.salesconnect.test.mobile.TaskRestAPITests"/>
  <testcase name="Test_linkClientToTask" time="5,158" classname="com.ibm.salesconnect.test.mobile.TaskRestAPITests"/>
  <testcase name="Test_favoriteTask" time="5,012" classname="com.ibm.salesconnect.test.mobile.TaskRestAPITests"/>
  <testcase name="Test_unFavoriteTask" time="4,948" classname="com.ibm.salesconnect.test.mobile.TaskRestAPITests"/>
  <testcase name="Test_linkOpportunityToTask" time="9,677" classname="com.ibm.salesconnect.test.mobile.TaskRestAPITests"/>
  <testcase name="Test_linkAdditionalAssigneeToTask" time="7,406" classname="com.ibm.salesconnect.test.mobile.TaskRestAPITests"/>
  <testcase name="Test_linkContactToTask" time="6,444" classname="com.ibm.salesconnect.test.mobile.TaskRestAPITests"/>
  <testcase name="Test_linkTaskToTask" time="10,167" classname="com.ibm.salesconnect.test.mobile.TaskRestAPITests"/>
  <testcase name="Test_relateNewNoteToTask" time="5,230" classname="com.ibm.salesconnect.test.mobile.TaskRestAPITests"/>
  <testcase name="Test_linkNoteToTask" time="10,799" classname="com.ibm.salesconnect.test.mobile.TaskRestAPITests"/>
  <testcase name="Test_createTask" time="3,062" classname="com.ibm.salesconnect.test.mobile.TaskRestAPITests"/>
  <testcase name="Test_editTask" time="6,549" classname="com.ibm.salesconnect.test.mobile.TaskRestAPITests"/>
  <testcase name="Test_relateNewTaskToTask" time="5,439" classname="com.ibm.salesconnect.test.mobile.TaskRestAPITests"/>
</testsuite> <!-- com.ibm.salesconnect.test.mobile.TaskRestAPITests -->
