<?xml version="1.0" encoding="UTF-8"?>
<!-- Generated by org.testng.reporters.JUnitReportReporter -->
<testsuite hostname="vasko" name="com.ibm.salesconnect.test.mobile.ContactRestAPITests" tests="9" failures="0" timestamp="26 Feb 2016 10:55:30 GMT" time="47,434" errors="0">
  <testcase name="Test_deleteContact" time="3,628" classname="com.ibm.salesconnect.test.mobile.ContactRestAPITests"/>
  <testcase name="Test_favoriteContact" time="4,211" classname="com.ibm.salesconnect.test.mobile.ContactRestAPITests"/>
  <testcase name="Test_linkOpportunityToContact" time="9,025" classname="com.ibm.salesconnect.test.mobile.ContactRestAPITests"/>
  <testcase name="Test_linkMeetingToContact" time="5,205" classname="com.ibm.salesconnect.test.mobile.ContactRestAPITests"/>
  <testcase name="Test_linkCallToContact" time="6,303" classname="com.ibm.salesconnect.test.mobile.ContactRestAPITests"/>
  <testcase name="Test_createContact" time="2,480" classname="com.ibm.salesconnect.test.mobile.ContactRestAPITests"/>
  <testcase name="Test_relateNewCallToContact" time="4,604" classname="com.ibm.salesconnect.test.mobile.ContactRestAPITests"/>
  <testcase name="Test_relateNewOpportunityToContact" time="7,139" classname="com.ibm.salesconnect.test.mobile.ContactRestAPITests"/>
  <testcase name="Test_unFavoriteContact" time="4,839" classname="com.ibm.salesconnect.test.mobile.ContactRestAPITests"/>
</testsuite> <!-- com.ibm.salesconnect.test.mobile.ContactRestAPITests -->
