<?xml version="1.0" encoding="UTF-8"?>
<!-- Generated by org.testng.reporters.JUnitReportReporter -->
<testsuite hostname="vasko" name="com.ibm.salesconnect.test.mobile.LoginRestAPITests" tests="4" failures="0" timestamp="26 Feb 2016 10:55:30 GMT" time="184,148" errors="0">
  <testcase name="Test_logout" time="1,202" classname="com.ibm.salesconnect.test.mobile.LoginRestAPITests"/>
  <testcase name="Test_obtainMe" time="38,357" classname="com.ibm.salesconnect.test.mobile.LoginRestAPITests"/>
  <testcase name="Test_obtainLabels" time="115,621" classname="com.ibm.salesconnect.test.mobile.LoginRestAPITests"/>
  <testcase name="Test_obtainMetadata" time="28,968" classname="com.ibm.salesconnect.test.mobile.LoginRestAPITests"/>
</testsuite> <!-- com.ibm.salesconnect.test.mobile.LoginRestAPITests -->
