<?xml version="1.0" encoding="UTF-8"?>
<!-- Generated by org.testng.reporters.JUnitReportReporter -->
<testsuite hostname="vasko" name="com.ibm.salesconnect.test.mobile.NoteRestAPITests" tests="13" failures="0" timestamp="26 Feb 2016 10:55:30 GMT" time="85,551" errors="0">
  <testcase name="Test_relateNewTaskToNote" time="5,411" classname="com.ibm.salesconnect.test.mobile.NoteRestAPITests"/>
  <testcase name="Test_createNote" time="3,712" classname="com.ibm.salesconnect.test.mobile.NoteRestAPITests"/>
  <testcase name="Test_relateNewOpportunityToNote" time="8,635" classname="com.ibm.salesconnect.test.mobile.NoteRestAPITests"/>
  <testcase name="Test_editNote" time="5,073" classname="com.ibm.salesconnect.test.mobile.NoteRestAPITests"/>
  <testcase name="Test_linkTaskToNote" time="6,645" classname="com.ibm.salesconnect.test.mobile.NoteRestAPITests"/>
  <testcase name="Test_linkOpportunityToNote" time="9,598" classname="com.ibm.salesconnect.test.mobile.NoteRestAPITests"/>
  <testcase name="Test_linkClientToNote" time="5,057" classname="com.ibm.salesconnect.test.mobile.NoteRestAPITests"/>
  <testcase name="Test_unFavoriteNote" time="4,781" classname="com.ibm.salesconnect.test.mobile.NoteRestAPITests"/>
  <testcase name="Test_linkAdditionalAssigneeToNote" time="9,241" classname="com.ibm.salesconnect.test.mobile.NoteRestAPITests"/>
  <testcase name="Test_deleteNote" time="4,189" classname="com.ibm.salesconnect.test.mobile.NoteRestAPITests"/>
  <testcase name="Test_favoriteNote" time="6,079" classname="com.ibm.salesconnect.test.mobile.NoteRestAPITests"/>
  <testcase name="Test_linkContactToNote" time="8,045" classname="com.ibm.salesconnect.test.mobile.NoteRestAPITests"/>
  <testcase name="Test_relateNewContactToNote" time="9,085" classname="com.ibm.salesconnect.test.mobile.NoteRestAPITests"/>
</testsuite> <!-- com.ibm.salesconnect.test.mobile.NoteRestAPITests -->
